<?xml version="1.0" encoding="UTF-8"?>
<testng-results ignored="0" total="1" passed="1" failed="0" skipped="0">
  <reporter-output>
  </reporter-output>
  <suite started-at="2021-01-28T02:43:52Z" name="Suite" finished-at="2021-01-28T02:44:03Z" duration-ms="11362">
    <groups>
    </groups>
    <test started-at="2021-01-28T02:43:52Z" name="Test" finished-at="2021-01-28T02:44:03Z" duration-ms="11362">
      <class name="com.learnautomation.testcases.LoginTestSales">
        <test-method is-config="true" signature="setup()[pri:0, instance:com.learnautomation.testcases.LoginTestSales@b9b00e0]" started-at="2021-01-27T18:43:52Z" name="setup" finished-at="2021-01-27T18:43:55Z" duration-ms="3167" status="PASS">
          <reporter-output>
          </reporter-output>
        </test-method> <!-- setup -->
        <test-method signature="loginApp()[pri:0, instance:com.learnautomation.testcases.LoginTestSales@b9b00e0]" started-at="2021-01-27T18:43:55Z" name="loginApp" finished-at="2021-01-27T18:44:02Z" duration-ms="7372" status="PASS">
          <reporter-output>
          </reporter-output>
        </test-method> <!-- loginApp -->
        <test-method is-config="true" signature="tearDown()[pri:0, instance:com.learnautomation.testcases.LoginTestSales@b9b00e0]" started-at="2021-01-27T18:44:02Z" name="tearDown" finished-at="2021-01-27T18:44:03Z" duration-ms="785" status="PASS">
          <reporter-output>
          </reporter-output>
        </test-method> <!-- tearDown -->
      </class> <!-- com.learnautomation.testcases.LoginTestSales -->
    </test> <!-- Test -->
  </suite> <!-- Suite -->
</testng-results>
